2025-03-25 23:19:10,286 - __main__ - INFO - Login successful
2025-03-25 23:19:10,815 - __main__ - INFO - Attendance tab setup completed
2025-03-25 23:19:10,818 - __main__ - INFO - Enrollment tab setup completed
2025-03-25 23:19:10,820 - __main__ - INFO - Classes tab setup completed
2025-03-25 23:19:10,823 - __main__ - INFO - Reports tab setup completed
2025-03-25 23:19:10,828 - __main__ - INFO - Created necessary directories
2025-03-25 23:19:12,459 - __main__ - INFO - Microphone adjusted for ambient noise
2025-03-25 23:19:12,460 - __main__ - INFO - UI initialized successfully
2025-03-25 23:19:12,473 - __main__ - INFO - Connecting to MongoDB at: mongodb://localhost:27017
2025-03-25 23:19:12,504 - __main__ - INFO - Successfully connected to MongoDB
2025-03-25 23:19:12,525 - __main__ - INFO - Loaded 1 classes from database
2025-03-25 23:19:12,542 - __main__ - INFO - Classes table updated
2025-03-25 23:19:12,545 - __main__ - INFO - Loaded 3 enrolled students
2025-03-25 23:19:12,547 - __main__ - INFO - Enrolled students table updated
2025-03-25 23:19:12,548 - __main__ - INFO - Main application loaded successfully
2025-03-25 23:19:45,252 - __main__ - INFO - New class added: BCA with sections: ['BCA', 'A']
2025-03-25 23:19:45,255 - __main__ - INFO - Loaded 2 classes from database
2025-03-25 23:19:45,257 - __main__ - INFO - Updated sections for class 67e2dc0e3e269f3836dc819f
2025-03-25 23:19:45,258 - __main__ - INFO - Updated report sections for class 67e2dc0e3e269f3836dc819f
2025-03-25 23:19:45,266 - __main__ - INFO - Classes table updated
2025-03-25 23:20:58,338 - __main__ - INFO - New class added: BTECH with sections: ['EC1']
2025-03-25 23:20:58,339 - __main__ - INFO - Loaded 3 classes from database
2025-03-25 23:20:58,341 - __main__ - INFO - Updated sections for class 67e2dc0e3e269f3836dc819f
2025-03-25 23:20:58,342 - __main__ - INFO - Updated report sections for class 67e2dc0e3e269f3836dc819f
2025-03-25 23:20:58,372 - __main__ - INFO - Classes table updated
2025-03-25 23:21:06,439 - __main__ - INFO - Updated sections for class 67e2ed025adb6b97cb821f34
2025-03-25 23:21:18,935 - __main__ - INFO - Starting voice recording...
2025-03-25 23:21:20,625 - __main__ - INFO - Voice recording completed
2025-03-25 23:21:20,709 - __main__ - INFO - Student gaurav (000) enrolled successfully
2025-03-25 23:21:20,711 - __main__ - INFO - Loaded 4 enrolled students
2025-03-25 23:21:20,714 - __main__ - INFO - Enrolled students table updated
2025-03-25 23:28:09,269 - __main__ - CRITICAL - Application error: name 'QStackedWidget' is not defined
2025-03-25 23:39:08,052 - __main__ - INFO - Login successful
2025-03-25 23:39:08,573 - __main__ - INFO - Attendance tab setup completed
2025-03-25 23:39:08,574 - __main__ - INFO - Enrollment tab setup completed
2025-03-25 23:39:08,575 - __main__ - INFO - Classes tab setup completed
2025-03-25 23:39:08,577 - __main__ - INFO - Reports tab setup completed
2025-03-25 23:39:08,579 - __main__ - INFO - Created necessary directories
2025-03-25 23:39:09,998 - __main__ - INFO - Microphone adjusted for ambient noise
2025-03-25 23:39:10,000 - __main__ - INFO - UI initialized successfully
2025-03-25 23:39:10,015 - __main__ - INFO - Connecting to MongoDB at: mongodb://localhost:27017
2025-03-25 23:39:10,044 - __main__ - INFO - Successfully connected to MongoDB
2025-03-25 23:39:10,061 - __main__ - INFO - Loaded 3 classes from database
2025-03-25 23:39:10,064 - __main__ - INFO - Loaded 3 students for class 67e2dc0e3e269f3836dc819f section MCA-1
2025-03-25 23:39:10,071 - __main__ - INFO - Found 0 attendance records for display
2025-03-25 23:39:10,074 - __main__ - INFO - Loaded sections for class MCA
2025-03-25 23:39:10,093 - __main__ - INFO - Classes table updated
2025-03-25 23:39:10,096 - __main__ - INFO - Loaded 4 enrolled students
2025-03-25 23:39:10,099 - __main__ - INFO - Enrolled students table updated
2025-03-25 23:39:10,100 - __main__ - INFO - Main application loaded successfully
2025-03-25 23:39:13,848 - __main__ - INFO - Starting attendance recording...
2025-03-25 23:39:15,996 - __main__ - INFO - Attendance recording completed
2025-03-25 23:39:16,084 - __main__ - INFO - Best voice match: 311 with score: 0.9999999999999998
2025-03-25 23:39:16,097 - __main__ - INFO - Attendance recorded for saurav (311)
2025-03-25 23:39:16,104 - __main__ - INFO - Found 1 attendance records for display
2025-03-25 23:39:16,106 - __main__ - INFO - Attendance marked for saurav (311)
2025-03-25 23:39:30,730 - __main__ - INFO - Updated report sections for class 67e2ed025adb6b97cb821f34
2025-03-25 23:39:46,955 - __main__ - INFO - Attendance recorded for gaurav (31)
2025-03-25 23:39:46,978 - __main__ - INFO - Found 2 attendance records for display
2025-03-25 23:39:46,983 - __main__ - INFO - Manual attendance marked for gaurav (31)
2025-03-25 23:39:55,400 - __main__ - INFO - Attendance recorded for ankit (02)
2025-03-25 23:39:55,402 - __main__ - INFO - Found 3 attendance records for display
2025-03-25 23:39:55,404 - __main__ - INFO - Manual attendance marked for ankit (02)
2025-03-25 23:40:07,616 - __main__ - INFO - Updated report sections for class 67e2dc0e3e269f3836dc819f
2025-03-25 23:40:12,135 - __main__ - INFO - Generated report with 3 records
2025-03-25 23:42:02,416 - __main__ - INFO - Login successful
2025-03-25 23:42:02,947 - __main__ - INFO - Attendance tab setup completed
2025-03-25 23:42:02,952 - __main__ - INFO - Enrollment tab setup completed
2025-03-25 23:42:02,956 - __main__ - INFO - Classes tab setup completed
2025-03-25 23:42:02,961 - __main__ - INFO - Reports tab setup completed
2025-03-25 23:42:02,966 - __main__ - INFO - Created necessary directories
2025-03-25 23:42:05,292 - __main__ - INFO - Microphone adjusted for ambient noise
2025-03-25 23:42:05,293 - __main__ - INFO - UI initialized successfully
2025-03-25 23:42:05,306 - __main__ - INFO - Connecting to MongoDB at: mongodb://localhost:27017
2025-03-25 23:42:05,377 - __main__ - INFO - Successfully connected to MongoDB
2025-03-25 23:42:05,397 - __main__ - INFO - Loaded 3 classes from database
2025-03-25 23:42:05,402 - __main__ - INFO - Loaded 3 students for class 67e2dc0e3e269f3836dc819f section MCA-1
2025-03-25 23:42:05,405 - __main__ - INFO - Found 3 attendance records for display
2025-03-25 23:42:05,411 - __main__ - INFO - Loaded sections for class MCA
2025-03-25 23:42:05,415 - __main__ - INFO - Classes table updated
2025-03-25 23:42:05,418 - __main__ - INFO - Loaded 4 enrolled students
2025-03-25 23:42:05,419 - __main__ - INFO - Enrolled students table updated
2025-03-25 23:42:05,421 - __main__ - INFO - Main application loaded successfully
2025-03-26 00:21:20,622 - __main__ - WARNING - Failed login attempt for username: Ankit
2025-03-26 00:21:29,802 - __main__ - INFO - Login successful
2025-03-26 00:21:29,867 - __main__ - INFO - Login successful
2025-03-26 00:21:30,409 - __main__ - INFO - Attendance tab setup completed
2025-03-26 00:21:30,415 - __main__ - INFO - Enrollment tab setup completed
2025-03-26 00:21:30,421 - __main__ - INFO - Classes tab setup completed
2025-03-26 00:21:30,428 - __main__ - INFO - Reports tab setup completed
2025-03-26 00:21:30,434 - __main__ - INFO - Created necessary directories
2025-03-26 00:21:30,521 - __main__ - ERROR - Error initializing UI: Could not find PyAudio; check installation
2025-03-26 00:21:30,521 - __main__ - ERROR - Error loading main application: Could not find PyAudio; check installation
2025-03-26 00:22:55,553 - __main__ - INFO - Login successful
2025-03-26 00:22:55,565 - __main__ - INFO - Connecting to MongoDB at: mongodb://localhost:27017
2025-03-26 00:22:55,661 - __main__ - INFO - Successfully connected to MongoDB
2025-03-26 00:22:55,663 - __main__ - INFO - Loaded 0 classes from database
2025-03-26 00:22:55,665 - __main__ - INFO - Classes table updated
2025-03-26 00:22:55,668 - __main__ - INFO - Loaded 0 enrolled students
2025-03-26 00:22:55,669 - __main__ - INFO - Enrolled students table updated
2025-03-26 00:22:55,670 - __main__ - INFO - Main application loaded successfully
2025-03-26 00:23:13,319 - __main__ - INFO - Login successful
2025-03-26 00:23:13,833 - __main__ - INFO - Connecting to MongoDB at: mongodb://localhost:27017
2025-03-26 00:23:13,844 - __main__ - INFO - Successfully connected to MongoDB
2025-03-26 00:23:13,846 - __main__ - INFO - Loaded 0 classes from database
2025-03-26 00:23:13,848 - __main__ - INFO - Classes table updated
2025-03-26 00:23:13,850 - __main__ - INFO - Loaded 0 enrolled students
2025-03-26 00:23:13,851 - __main__ - INFO - Enrolled students table updated
2025-03-26 00:23:13,851 - __main__ - INFO - Main application loaded successfully
2025-03-26 00:25:39,241 - __main__ - INFO - Login successful
2025-03-26 00:25:39,320 - __main__ - INFO - Login successful
2025-03-26 00:25:39,845 - __main__ - INFO - Attendance tab setup completed
2025-03-26 00:25:39,850 - __main__ - INFO - Enrollment tab setup completed
2025-03-26 00:25:39,855 - __main__ - INFO - Classes tab setup completed
2025-03-26 00:25:39,860 - __main__ - INFO - Reports tab setup completed
2025-03-26 00:25:39,864 - __main__ - INFO - Created necessary directories
2025-03-26 00:25:39,956 - __main__ - ERROR - Error initializing UI: Could not find PyAudio; check installation
2025-03-26 00:25:39,956 - __main__ - ERROR - Error loading main application: Could not find PyAudio; check installation
2025-03-26 00:27:52,043 - __main__ - INFO - Login successful
2025-03-26 00:27:52,580 - __main__ - INFO - Attendance tab setup completed
2025-03-26 00:27:52,587 - __main__ - INFO - Enrollment tab setup completed
2025-03-26 00:27:52,590 - __main__ - INFO - Classes tab setup completed
2025-03-26 00:27:52,594 - __main__ - INFO - Reports tab setup completed
2025-03-26 00:27:52,599 - __main__ - INFO - Created necessary directories
2025-03-26 00:27:54,057 - __main__ - INFO - Microphone adjusted for ambient noise
2025-03-26 00:27:54,057 - __main__ - INFO - UI initialized successfully
2025-03-26 00:27:54,070 - __main__ - INFO - Connecting to MongoDB at: mongodb://localhost:27017
2025-03-26 00:27:54,090 - __main__ - INFO - Successfully connected to MongoDB
2025-03-26 00:27:54,123 - __main__ - INFO - Loaded 0 classes from database
2025-03-26 00:27:54,125 - __main__ - INFO - Classes table updated
2025-03-26 00:27:54,126 - __main__ - INFO - Loaded 0 enrolled students
2025-03-26 00:27:54,127 - __main__ - INFO - Enrolled students table updated
2025-03-26 00:27:54,127 - __main__ - INFO - Main application loaded successfully
2025-03-26 00:29:12,543 - __main__ - INFO - New class added: 6EC3 with sections: ['Batch A']
2025-03-26 00:29:12,545 - __main__ - INFO - Loaded 1 classes from database
2025-03-26 00:29:12,547 - __main__ - INFO - Loaded 0 students for class 67e2fd0002a4f79a2ec6e74e section Batch A
2025-03-26 00:29:12,558 - __main__ - INFO - Found 0 attendance records for display
2025-03-26 00:29:12,562 - __main__ - INFO - Loaded sections for class 6EC3
2025-03-26 00:29:12,563 - __main__ - INFO - Updated sections for class 67e2fd0002a4f79a2ec6e74e
2025-03-26 00:29:12,565 - __main__ - INFO - Updated report sections for class 67e2fd0002a4f79a2ec6e74e
2025-03-26 00:29:12,597 - __main__ - INFO - Classes table updated
2025-03-26 00:29:22,210 - __main__ - INFO - Starting voice recording...
2025-03-26 00:29:27,139 - __main__ - INFO - Voice recording completed
2025-03-26 00:29:27,177 - __main__ - INFO - Student Ankit Sharma (922017030) enrolled successfully
2025-03-26 00:29:27,178 - __main__ - INFO - Loaded 1 enrolled students
2025-03-26 00:29:27,180 - __main__ - INFO - Enrolled students table updated
2025-03-26 00:30:03,117 - __main__ - INFO - Starting attendance recording...
2025-03-26 00:30:06,767 - __main__ - INFO - Attendance recording completed
2025-03-26 00:30:06,804 - __main__ - INFO - Best voice match: 922017030 with score: 0.9999999999999727
2025-03-26 00:30:06,810 - __main__ - INFO - Attendance recorded for Ankit Sharma (922017030)
2025-03-26 00:30:06,813 - __main__ - INFO - Found 1 attendance records for display
2025-03-26 00:30:06,816 - __main__ - INFO - Attendance marked for Ankit Sharma (922017030)
2025-03-26 00:31:55,609 - __main__ - INFO - Generated report with 1 records
2025-03-26 00:32:03,710 - __main__ - ERROR - Error exporting report: No module named 'openpyxl'
2025-03-26 00:34:02,017 - __main__ - INFO - Generated report with 1 records
2025-03-26 00:34:04,733 - __main__ - INFO - Generated report with 1 records
2025-03-26 00:34:12,537 - __main__ - INFO - Report exported to C:/Users/Stranger/Desktop/AArohi/attendence/attendance_report_6EC3_Batch A_2025-03-26_to_2025-03-26.xlsx
2025-03-26 00:47:55,666 - __main__ - INFO - New class added: 4TC3 with sections: ['Batch A']
2025-03-26 00:47:55,668 - __main__ - INFO - Loaded 2 classes from database
2025-03-26 00:47:55,669 - __main__ - INFO - Loaded 1 students for class 67e2fd0002a4f79a2ec6e74e section Batch A
2025-03-26 00:47:55,672 - __main__ - INFO - Found 1 attendance records for display
2025-03-26 00:47:55,674 - __main__ - INFO - Loaded sections for class 6EC3
2025-03-26 00:47:55,676 - __main__ - INFO - Updated sections for class 67e2fd0002a4f79a2ec6e74e
2025-03-26 00:47:55,677 - __main__ - INFO - Updated sections for class 67e2fd0002a4f79a2ec6e74e
2025-03-26 00:47:55,679 - __main__ - INFO - Updated report sections for class 67e2fd0002a4f79a2ec6e74e
2025-03-26 00:47:55,682 - __main__ - INFO - Updated report sections for class 67e2fd0002a4f79a2ec6e74e
2025-03-26 00:47:55,688 - __main__ - INFO - Classes table updated
2025-03-26 00:48:04,912 - __main__ - INFO - Updated sections for class 67e3016302a4f79a2ec6e751
2025-03-26 00:48:04,914 - __main__ - INFO - Updated sections for class 67e3016302a4f79a2ec6e751
2025-03-26 00:48:45,400 - __main__ - INFO - Starting voice recording...
2025-03-26 00:48:56,618 - __main__ - INFO - Voice recording completed
2025-03-26 00:48:56,663 - __main__ - INFO - Student Aarohi Roy (123456789) enrolled successfully
2025-03-26 00:48:56,665 - __main__ - INFO - Loaded 2 enrolled students
2025-03-26 00:48:56,667 - __main__ - INFO - Enrolled students table updated
2025-03-26 00:49:08,881 - __main__ - INFO - Loaded 1 students for class 67e3016302a4f79a2ec6e751 section Batch A
2025-03-26 00:49:08,884 - __main__ - INFO - Found 0 attendance records for display
2025-03-26 00:49:08,886 - __main__ - INFO - Loaded sections for class 4TC3
2025-03-26 00:49:11,844 - __main__ - INFO - Starting attendance recording...
2025-03-26 00:49:14,223 - __main__ - INFO - Attendance recording completed
2025-03-26 00:49:14,258 - __main__ - INFO - Best voice match: 922017030 with score: 0.9999999999999822
2025-03-26 00:49:18,174 - __main__ - INFO - Attendance already marked today for Ankit Sharma (922017030)
2025-03-26 00:49:18,176 - __main__ - INFO - Attendance marked for Ankit Sharma (922017030)
2025-03-26 00:49:21,903 - __main__ - INFO - Loaded 1 students for class 67e2fd0002a4f79a2ec6e74e section Batch A
2025-03-26 00:49:21,907 - __main__ - INFO - Found 1 attendance records for display
2025-03-26 00:49:21,909 - __main__ - INFO - Loaded sections for class 6EC3
2025-03-26 00:49:23,332 - __main__ - INFO - Loaded 1 students for class 67e3016302a4f79a2ec6e751 section Batch A
2025-03-26 00:49:23,335 - __main__ - INFO - Found 0 attendance records for display
2025-03-26 00:49:23,337 - __main__ - INFO - Loaded sections for class 4TC3
2025-03-26 00:49:24,643 - __main__ - INFO - Starting attendance recording...
2025-03-26 00:49:26,737 - __main__ - INFO - Attendance recording completed
2025-03-26 00:49:26,771 - __main__ - INFO - Best voice match: 922017030 with score: 0.9999999999998987
2025-03-26 00:49:28,641 - __main__ - INFO - Attendance already marked today for Ankit Sharma (922017030)
2025-03-26 00:49:28,643 - __main__ - INFO - Attendance marked for Ankit Sharma (922017030)
2025-03-26 00:49:33,348 - __main__ - INFO - Attendance recorded for Aarohi Roy (123456789)
2025-03-26 00:49:33,350 - __main__ - INFO - Found 1 attendance records for display
2025-03-26 00:49:33,353 - __main__ - INFO - Manual attendance marked for Aarohi Roy (123456789)
2025-03-26 00:49:42,451 - __main__ - INFO - Loaded 1 students for class 67e2fd0002a4f79a2ec6e74e section Batch A
2025-03-26 00:49:42,455 - __main__ - INFO - Found 1 attendance records for display
2025-03-26 00:49:42,456 - __main__ - INFO - Loaded sections for class 6EC3
2025-03-26 00:49:45,715 - __main__ - INFO - Attendance already marked today for Ankit Sharma (922017030)
2025-03-26 00:49:45,717 - __main__ - INFO - Manual attendance marked for Ankit Sharma (922017030)
2025-03-26 00:49:47,769 - __main__ - INFO - Loaded 1 students for class 67e3016302a4f79a2ec6e751 section Batch A
2025-03-26 00:49:47,772 - __main__ - INFO - Found 1 attendance records for display
2025-03-26 00:49:47,773 - __main__ - INFO - Loaded sections for class 4TC3
2025-03-26 00:49:53,807 - __main__ - INFO - Starting attendance recording...
2025-03-26 00:49:55,832 - __main__ - INFO - Attendance recording completed
2025-03-26 00:49:55,870 - __main__ - INFO - Best voice match: 922017030 with score: 0.9999999999991812
2025-03-26 00:49:57,276 - __main__ - INFO - Attendance already marked today for Ankit Sharma (922017030)
2025-03-26 00:49:57,278 - __main__ - INFO - Attendance marked for Ankit Sharma (922017030)
2025-03-26 00:50:06,121 - __main__ - INFO - Starting attendance recording...
2025-03-26 11:01:16,532 - __main__ - INFO - Login successful
2025-03-26 11:01:17,106 - __main__ - INFO - Attendance tab setup completed
2025-03-26 11:01:17,111 - __main__ - INFO - Enrollment tab setup completed
2025-03-26 11:01:17,116 - __main__ - INFO - Classes tab setup completed
2025-03-26 11:01:17,124 - __main__ - INFO - Reports tab setup completed
2025-03-26 11:01:17,131 - __main__ - INFO - Created necessary directories
2025-03-26 11:01:18,645 - __main__ - INFO - Microphone adjusted for ambient noise
2025-03-26 11:01:18,646 - __main__ - INFO - UI initialized successfully
2025-03-26 11:01:18,668 - __main__ - INFO - Connecting to MongoDB at: mongodb://localhost:27017
2025-03-26 11:01:18,752 - __main__ - INFO - Successfully connected to MongoDB
2025-03-26 11:01:18,787 - __main__ - INFO - Loaded 2 classes from database
2025-03-26 11:01:18,791 - __main__ - INFO - Loaded 1 students for class 67e2fd0002a4f79a2ec6e74e section Batch A
2025-03-26 11:01:18,794 - __main__ - INFO - Found 1 attendance records for display
2025-03-26 11:01:18,820 - __main__ - INFO - Loaded sections for class 6EC3
2025-03-26 11:01:18,827 - __main__ - INFO - Classes table updated
2025-03-26 11:01:18,829 - __main__ - INFO - Loaded 2 enrolled students
2025-03-26 11:01:18,831 - __main__ - INFO - Enrolled students table updated
2025-03-26 11:01:18,832 - __main__ - INFO - Main application loaded successfully
2025-04-05 14:37:42,075 - __main__ - WARNING - Failed login attempt for username: admin
2025-04-05 14:37:51,181 - __main__ - INFO - Login successful
2025-04-05 14:37:51,826 - __main__ - INFO - Attendance tab setup completed
2025-04-05 14:37:51,850 - __main__ - INFO - Enrollment tab setup completed
2025-04-05 14:37:51,888 - __main__ - INFO - Classes tab setup completed
2025-04-05 14:37:51,904 - __main__ - INFO - Reports tab setup completed
2025-04-05 14:37:51,913 - __main__ - INFO - Created necessary directories
2025-04-05 14:37:53,406 - __main__ - INFO - Microphone adjusted for ambient noise
2025-04-05 14:37:53,408 - __main__ - INFO - UI initialized successfully
2025-04-05 14:37:53,489 - __main__ - INFO - Connecting to MongoDB at: mongodb://localhost:27017
2025-04-05 14:37:53,653 - __main__ - INFO - Successfully connected to MongoDB
2025-04-05 14:37:53,716 - __main__ - INFO - Loaded 2 classes from database
2025-04-05 14:37:53,745 - __main__ - INFO - Loaded 1 students for class 67e2fd0002a4f79a2ec6e74e section Batch A
2025-04-05 14:37:53,803 - __main__ - INFO - Found 0 attendance records for display
2025-04-05 14:37:53,807 - __main__ - INFO - Loaded sections for class 6EC3
2025-04-05 14:37:53,884 - __main__ - INFO - Classes table updated
2025-04-05 14:37:53,888 - __main__ - INFO - Loaded 2 enrolled students
2025-04-05 14:37:53,896 - __main__ - INFO - Enrolled students table updated
2025-04-05 14:37:53,896 - __main__ - INFO - Main application loaded successfully
2025-04-05 14:38:28,788 - __main__ - INFO - Starting attendance recording...
2025-04-05 14:38:32,040 - __main__ - INFO - Attendance recording completed
2025-04-05 14:38:32,180 - __main__ - INFO - Best voice match: 922017030 with score: 0.9999999999999999
2025-04-05 14:38:32,326 - __main__ - INFO - Attendance recorded for Ankit Sharma (922017030)
2025-04-05 14:38:32,331 - __main__ - INFO - Found 1 attendance records for display
2025-04-05 14:38:32,335 - __main__ - INFO - Attendance marked for Ankit Sharma (922017030)
2025-04-05 14:39:00,717 - __main__ - INFO - Updated report sections for class 67e3016302a4f79a2ec6e751
2025-04-05 14:39:07,277 - __main__ - INFO - Updated report sections for class 67e2fd0002a4f79a2ec6e74e
2025-04-05 14:39:43,832 - __main__ - INFO - Generated report with 2 records
2025-04-05 14:40:41,300 - __main__ - INFO - Cleared 1 attendance records
2025-04-05 14:40:42,279 - __main__ - INFO - Found 0 attendance records for display
2025-04-05 14:43:23,738 - __main__ - INFO - Login successful
2025-04-05 14:43:24,338 - __main__ - INFO - Attendance tab setup completed
2025-04-05 14:43:24,349 - __main__ - INFO - Enrollment tab setup completed
2025-04-05 14:43:24,358 - __main__ - INFO - Classes tab setup completed
2025-04-05 14:43:24,368 - __main__ - INFO - Reports tab setup completed
2025-04-05 14:43:24,383 - __main__ - INFO - Created necessary directories
2025-04-05 14:43:25,800 - __main__ - INFO - Microphone adjusted for ambient noise
2025-04-05 14:43:25,801 - __main__ - INFO - UI initialized successfully
2025-04-05 14:43:25,825 - __main__ - INFO - Connecting to MongoDB at: mongodb://localhost:27017
2025-04-05 14:43:25,860 - __main__ - INFO - Successfully connected to MongoDB
2025-04-05 14:43:25,905 - __main__ - INFO - Loaded 2 classes from database
2025-04-05 14:43:25,909 - __main__ - INFO - Loaded 1 students for class 67e2fd0002a4f79a2ec6e74e section Batch A
2025-04-05 14:43:25,912 - __main__ - INFO - Found 0 attendance records for display
2025-04-05 14:43:25,914 - __main__ - INFO - Loaded sections for class 6EC3
2025-04-05 14:43:25,929 - __main__ - INFO - Classes table updated
2025-04-05 14:43:25,932 - __main__ - INFO - Loaded 2 enrolled students
2025-04-05 14:43:25,934 - __main__ - INFO - Enrolled students table updated
2025-04-05 14:43:25,937 - __main__ - INFO - Main application loaded successfully
2025-04-05 14:43:57,929 - __main__ - INFO - New class added: EC1 with sections: ['Batch B']
2025-04-05 14:43:57,933 - __main__ - INFO - Loaded 3 classes from database
2025-04-05 14:43:57,937 - __main__ - INFO - Loaded 1 students for class 67e2fd0002a4f79a2ec6e74e section Batch A
2025-04-05 14:43:57,942 - __main__ - INFO - Found 0 attendance records for display
2025-04-05 14:43:57,945 - __main__ - INFO - Loaded sections for class 6EC3
2025-04-05 14:43:57,948 - __main__ - INFO - Updated sections for class 67e2fd0002a4f79a2ec6e74e
2025-04-05 14:43:57,952 - __main__ - INFO - Updated report sections for class 67e2fd0002a4f79a2ec6e74e
2025-04-05 14:43:57,968 - __main__ - INFO - Classes table updated
2025-04-05 14:44:05,566 - __main__ - INFO - Updated sections for class 67f0f455191e7df5f5712bbd
2025-04-05 14:44:14,830 - __main__ - INFO - Starting voice recording...
2025-04-05 14:44:17,316 - __main__ - INFO - Voice recording completed
2025-04-05 14:44:17,423 - __main__ - INFO - Student Rahul (922012345678) enrolled successfully
2025-04-05 14:44:17,430 - __main__ - INFO - Loaded 3 enrolled students
2025-04-05 14:44:17,437 - __main__ - INFO - Enrolled students table updated
2025-04-05 14:44:26,282 - __main__ - INFO - Starting attendance recording...
2025-04-05 14:44:29,720 - __main__ - INFO - Attendance recording completed
2025-04-05 14:44:29,795 - __main__ - INFO - Best voice match: 922012345678 with score: 0.9999999999999704
2025-04-05 14:44:29,803 - __main__ - INFO - Attendance recorded for Rahul (922012345678)
2025-04-05 14:44:29,807 - __main__ - INFO - Found 1 attendance records for display
2025-04-05 14:44:29,825 - __main__ - INFO - Attendance marked for Rahul (922012345678)
2025-04-05 14:44:35,455 - __main__ - INFO - Starting attendance recording...
2025-04-05 14:44:37,542 - __main__ - INFO - Attendance recording completed
2025-04-05 14:44:37,679 - __main__ - INFO - Best voice match: 922017030 with score: 0.9999999999999889
2025-04-05 14:44:37,684 - __main__ - INFO - Attendance recorded for Ankit Sharma (922017030)
2025-04-05 14:44:37,687 - __main__ - INFO - Found 2 attendance records for display
2025-04-05 14:44:37,690 - __main__ - INFO - Attendance marked for Ankit Sharma (922017030)
2025-04-05 14:45:00,483 - __main__ - INFO - Updated report sections for class 67f0f455191e7df5f5712bbd
2025-04-05 14:45:00,487 - __main__ - INFO - Updated report sections for class 67f0f455191e7df5f5712bbd
2025-04-05 14:45:17,118 - __main__ - INFO - Generated report with 0 records
2025-04-05 14:45:21,061 - __main__ - INFO - Generated report with 0 records
2025-04-05 14:45:23,852 - __main__ - INFO - Generated report with 0 records
2025-04-05 14:45:24,003 - __main__ - INFO - Generated report with 0 records
2025-04-05 14:45:24,159 - __main__ - INFO - Generated report with 0 records
2025-04-05 14:45:24,307 - __main__ - INFO - Generated report with 0 records
2025-04-05 14:45:33,351 - __main__ - INFO - Generated report with 0 records
2025-04-05 14:45:34,689 - __main__ - INFO - Generated report with 0 records
2025-04-05 14:45:34,843 - __main__ - INFO - Generated report with 0 records
2025-04-05 14:45:34,987 - __main__ - INFO - Generated report with 0 records
2025-04-05 14:45:35,147 - __main__ - INFO - Generated report with 0 records
2025-04-05 14:45:35,483 - __main__ - INFO - Generated report with 0 records
2025-04-05 14:45:35,646 - __main__ - INFO - Generated report with 0 records
2025-04-05 14:45:39,124 - __main__ - INFO - Generated report with 0 records
2025-04-05 14:45:39,329 - __main__ - INFO - Generated report with 0 records
2025-04-05 14:45:41,352 - __main__ - INFO - Updated report sections for class 67e2fd0002a4f79a2ec6e74e
2025-04-05 14:45:41,355 - __main__ - INFO - Updated report sections for class 67e2fd0002a4f79a2ec6e74e
2025-04-05 14:45:43,097 - __main__ - INFO - Generated report with 3 records
2025-04-05 14:46:56,054 - __main__ - INFO - Login successful
2025-04-05 14:46:56,711 - __main__ - INFO - Attendance tab setup completed
2025-04-05 14:46:56,729 - __main__ - INFO - Enrollment tab setup completed
2025-04-05 14:46:56,743 - __main__ - INFO - Classes tab setup completed
2025-04-05 14:46:56,761 - __main__ - INFO - Reports tab setup completed
2025-04-05 14:46:56,773 - __main__ - INFO - Created necessary directories
2025-04-05 14:46:58,140 - __main__ - INFO - Microphone adjusted for ambient noise
2025-04-05 14:46:58,157 - __main__ - INFO - UI initialized successfully
2025-04-05 14:46:58,276 - __main__ - INFO - Connecting to MongoDB at: mongodb://localhost:27017
2025-04-05 14:46:58,329 - __main__ - INFO - Successfully connected to MongoDB
2025-04-05 14:46:58,388 - __main__ - INFO - Loaded 3 classes from database
2025-04-05 14:46:58,391 - __main__ - INFO - Loaded 1 students for class 67e2fd0002a4f79a2ec6e74e section Batch A
2025-04-05 14:46:58,396 - __main__ - INFO - Found 2 attendance records for display
2025-04-05 14:46:58,405 - __main__ - INFO - Loaded sections for class 6EC3
2025-04-05 14:46:58,421 - __main__ - INFO - Classes table updated
2025-04-05 14:46:58,425 - __main__ - INFO - Loaded 3 enrolled students
2025-04-05 14:46:58,427 - __main__ - INFO - Enrolled students table updated
2025-04-05 14:46:58,428 - __main__ - INFO - Main application loaded successfully
2025-04-05 14:47:25,126 - __main__ - INFO - New class added: TC with sections: ['Batch A']
2025-04-05 14:47:25,127 - __main__ - INFO - Loaded 4 classes from database
2025-04-05 14:47:25,130 - __main__ - INFO - Loaded 1 students for class 67e2fd0002a4f79a2ec6e74e section Batch A
2025-04-05 14:47:25,132 - __main__ - INFO - Found 2 attendance records for display
2025-04-05 14:47:25,137 - __main__ - INFO - Loaded sections for class 6EC3
2025-04-05 14:47:25,138 - __main__ - INFO - Updated sections for class 67e2fd0002a4f79a2ec6e74e
2025-04-05 14:47:25,140 - __main__ - INFO - Updated report sections for class 67e2fd0002a4f79a2ec6e74e
2025-04-05 14:47:25,150 - __main__ - INFO - Classes table updated
2025-04-05 14:48:00,515 - __main__ - INFO - Updated sections for class 67f0f525a28ee8c90f53ad64
2025-04-05 14:48:13,383 - __main__ - INFO - Starting voice recording...
2025-04-05 14:48:16,825 - __main__ - INFO - Voice recording completed
2025-04-05 14:48:16,905 - __main__ - INFO - Student Sharma ji (123456444) enrolled successfully
2025-04-05 14:48:16,908 - __main__ - INFO - Loaded 4 enrolled students
2025-04-05 14:48:16,911 - __main__ - INFO - Enrolled students table updated
2025-04-05 14:48:36,185 - __main__ - INFO - Starting attendance recording...
2025-04-05 14:48:39,104 - __main__ - INFO - Attendance recording completed
2025-04-05 14:48:39,237 - __main__ - INFO - Best voice match: 922012345678 with score: 0.9999999999999989
2025-04-05 14:48:40,987 - __main__ - INFO - Attendance already marked today for Rahul (922012345678)
2025-04-05 14:48:40,993 - __main__ - INFO - Attendance marked for Rahul (922012345678)
2025-04-05 14:48:42,082 - __main__ - INFO - Starting attendance recording...
2025-04-05 14:48:43,834 - __main__ - INFO - Attendance recording completed
2025-04-05 14:48:43,971 - __main__ - INFO - Best voice match: 922012345678 with score: 0.9999999999998358
2025-04-05 14:48:46,024 - __main__ - INFO - Attendance already marked today for Rahul (922012345678)
2025-04-05 14:48:46,026 - __main__ - INFO - Attendance marked for Rahul (922012345678)
2025-04-05 14:48:47,306 - __main__ - INFO - Starting attendance recording...
2025-04-05 14:48:49,415 - __main__ - INFO - Attendance recording completed
2025-04-05 14:48:49,500 - __main__ - INFO - Best voice match: 922012345678 with score: 0.9999999999999953
2025-04-05 14:48:50,600 - __main__ - INFO - Attendance already marked today for Rahul (922012345678)
2025-04-05 14:48:50,601 - __main__ - INFO - Attendance marked for Rahul (922012345678)
2025-04-05 14:48:56,148 - __main__ - INFO - Cleared 2 attendance records
2025-04-05 14:48:57,070 - __main__ - INFO - Found 0 attendance records for display
2025-04-05 14:48:58,183 - __main__ - INFO - Starting attendance recording...
2025-04-05 14:49:00,530 - __main__ - INFO - Attendance recording completed
2025-04-05 14:49:00,657 - __main__ - INFO - Best voice match: 922012345678 with score: 0.9999999999999916
2025-04-05 14:49:00,664 - __main__ - INFO - Attendance recorded for Rahul (922012345678)
2025-04-05 14:49:00,669 - __main__ - INFO - Found 1 attendance records for display
2025-04-05 14:49:00,672 - __main__ - INFO - Attendance marked for Rahul (922012345678)
2025-04-05 14:49:08,109 - __main__ - INFO - Cleared 1 attendance records
2025-04-05 14:49:09,056 - __main__ - INFO - Found 0 attendance records for display
2025-04-05 14:51:39,493 - __main__ - INFO - Login successful
2025-04-05 14:51:40,132 - __main__ - INFO - Attendance tab setup completed
2025-04-05 14:51:40,148 - __main__ - INFO - Enrollment tab setup completed
2025-04-05 14:51:40,161 - __main__ - INFO - Classes tab setup completed
2025-04-05 14:51:40,184 - __main__ - INFO - Reports tab setup completed
2025-04-05 14:51:40,191 - __main__ - INFO - Created necessary directories
2025-04-05 14:51:41,670 - __main__ - INFO - Microphone adjusted for ambient noise
2025-04-05 14:51:41,678 - __main__ - INFO - UI initialized successfully
2025-04-05 14:51:41,767 - __main__ - INFO - Connecting to MongoDB at: mongodb://localhost:27017
2025-04-05 14:51:41,804 - __main__ - INFO - Successfully connected to MongoDB
2025-04-05 14:51:41,837 - __main__ - INFO - Loaded 1 classes from database
2025-04-05 14:51:41,840 - __main__ - INFO - Loaded 0 students for class 67e2fd0002a4f79a2ec6e74e section Batch A
2025-04-05 14:51:41,847 - __main__ - INFO - Found 0 attendance records for display
2025-04-05 14:51:41,854 - __main__ - INFO - Loaded sections for class 6EC3
2025-04-05 14:51:41,869 - __main__ - INFO - Classes table updated
2025-04-05 14:51:41,872 - __main__ - INFO - Loaded 1 enrolled students
2025-04-05 14:51:41,877 - __main__ - INFO - Enrolled students table updated
2025-04-05 14:51:41,880 - __main__ - INFO - Main application loaded successfully
2025-04-05 14:51:58,616 - __main__ - INFO - New class added: EC1 with sections: ['Batch A']
2025-04-05 14:51:58,618 - __main__ - INFO - Loaded 2 classes from database
2025-04-05 14:51:58,622 - __main__ - INFO - Loaded 0 students for class 67e2fd0002a4f79a2ec6e74e section Batch A
2025-04-05 14:51:58,627 - __main__ - INFO - Found 0 attendance records for display
2025-04-05 14:51:58,630 - __main__ - INFO - Loaded sections for class 6EC3
2025-04-05 14:51:58,631 - __main__ - INFO - Updated sections for class 67e2fd0002a4f79a2ec6e74e
2025-04-05 14:51:58,632 - __main__ - INFO - Updated report sections for class 67e2fd0002a4f79a2ec6e74e
2025-04-05 14:51:58,640 - __main__ - INFO - Classes table updated
2025-04-05 14:52:23,020 - __main__ - INFO - Updated sections for class 67f0f6360f6fd35dadc57870
2025-04-05 14:52:28,911 - __main__ - INFO - Starting voice recording...
2025-04-05 14:52:31,466 - __main__ - INFO - Voice recording completed
2025-04-05 14:52:31,588 - __main__ - INFO - Student Ankit (123498365583) enrolled successfully
2025-04-05 14:52:31,592 - __main__ - INFO - Loaded 2 enrolled students
2025-04-05 14:52:31,595 - __main__ - INFO - Enrolled students table updated
2025-04-05 14:53:00,982 - __main__ - INFO - Starting attendance recording...
2025-04-05 14:53:03,352 - __main__ - INFO - Attendance recording completed
2025-04-05 14:53:03,445 - __main__ - INFO - Best voice match: 123498365583 with score: 0.9999999999999405
2025-04-05 14:53:03,472 - __main__ - INFO - Attendance recorded for Ankit (123498365583)
2025-04-05 14:53:03,491 - __main__ - INFO - Found 1 attendance records for display
2025-04-05 14:53:03,501 - __main__ - INFO - Attendance marked for Ankit (123498365583)
2025-04-05 14:53:15,129 - __main__ - INFO - Updated report sections for class 67f0f6360f6fd35dadc57870
2025-04-05 14:53:15,131 - __main__ - INFO - Updated report sections for class 67f0f6360f6fd35dadc57870
2025-04-05 14:53:25,523 - __main__ - INFO - Generated report with 0 records
2025-04-05 14:53:29,883 - __main__ - INFO - Generated report with 0 records
2025-04-05 14:53:30,620 - __main__ - INFO - Generated report with 0 records
2025-04-05 14:53:33,834 - __main__ - INFO - Generated report with 0 records
2025-04-05 14:53:36,866 - __main__ - INFO - Updated report sections for class 67e2fd0002a4f79a2ec6e74e
2025-04-05 14:53:36,868 - __main__ - INFO - Updated report sections for class 67e2fd0002a4f79a2ec6e74e
2025-04-05 14:53:39,158 - __main__ - INFO - Updated report sections for class 67f0f6360f6fd35dadc57870
2025-04-05 14:53:39,160 - __main__ - INFO - Updated report sections for class 67f0f6360f6fd35dadc57870
2025-04-05 14:53:40,963 - __main__ - INFO - Generated report with 0 records
2025-04-05 14:53:44,928 - __main__ - INFO - Generated report with 0 records
2025-04-05 14:54:02,702 - __main__ - INFO - Updated report sections for class 67e2fd0002a4f79a2ec6e74e
2025-04-05 14:54:02,703 - __main__ - INFO - Updated report sections for class 67e2fd0002a4f79a2ec6e74e
2025-04-05 14:54:05,643 - __main__ - INFO - Generated report with 1 records
2025-04-05 14:54:14,992 - __main__ - INFO - Report exported to C:/Users/Stranger/Desktop/AArohi/attendence/attendance_records/attendance_report_6EC3_All_2025-03-04_to_2025-04-05.xlsx
2025-04-05 14:54:34,477 - __main__ - INFO - Attendance exported to C:/Users/Stranger/Desktop/AArohi/attendence/attendance_records/attendance_6EC3_Batch A_2025-04-05.xlsx
2025-04-05 14:55:01,220 - __main__ - INFO - New class added: TD with sections: ['Batch B']
2025-04-05 14:55:01,222 - __main__ - INFO - Loaded 3 classes from database
2025-04-05 14:55:01,226 - __main__ - INFO - Loaded 0 students for class 67e2fd0002a4f79a2ec6e74e section Batch A
2025-04-05 14:55:01,229 - __main__ - INFO - Found 1 attendance records for display
2025-04-05 14:55:01,231 - __main__ - INFO - Loaded sections for class 6EC3
2025-04-05 14:55:01,233 - __main__ - INFO - Updated sections for class 67e2fd0002a4f79a2ec6e74e
2025-04-05 14:55:01,234 - __main__ - INFO - Updated sections for class 67e2fd0002a4f79a2ec6e74e
2025-04-05 14:55:01,239 - __main__ - INFO - Updated report sections for class 67e2fd0002a4f79a2ec6e74e
2025-04-05 14:55:01,239 - __main__ - INFO - Updated report sections for class 67e2fd0002a4f79a2ec6e74e
2025-04-05 14:55:01,261 - __main__ - INFO - Classes table updated
2025-04-05 14:55:11,303 - __main__ - INFO - Cleared 1 attendance records
2025-04-05 14:55:12,108 - __main__ - INFO - Found 0 attendance records for display
